# JRE version: OpenJDK Runtime Environment Corretto-17.0.17.10.1 (17.0.17+10) (build 17.0.17+10-LTS)
# Java VM: OpenJDK 64-Bit Server VM Corretto-17.0.17.10.1 (17.0.17+10-LTS, mixed mode, sharing, tiered, compressed oops, compressed class ptrs, g1 gc, windows-amd64)
GC Precious Log:
 CPUs: 12 total, 12 available
 Memory: 7893M
 Large Page Support: Disabled
 NUMA Support: Disabled
 Compressed Oops: Enabled (32-bit)
 Heap Region Size: 1M
 Heap Min Capacity: 8M
 Heap Initial Capacity: 124M
 Heap Max Capacity: 1974M
 Pre-touch: Disabled
 Parallel Workers: 10
 Concurrent Workers: 3
 Concurrent Refinement Workers: 10
 Periodic GC: Disabled
Heap:
 garbage-first heap   total 128000K, used 62712K [0x0000000084a00000, 0x0000000100000000)
  region size 1024K, 10 young (10240K), 2 survivors (2048K)
 Metaspace       used 27064K, committed 27392K, reserved 1114112K
  class space    used 3056K, committed 3200K, reserved 1048576K
GC Heap History (20 events):
Event: 0.896 GC heap before
{Heap before GC invocations=1 (full 0):
 garbage-first heap   total 126976K, used 34472K [0x0000000084a00000, 0x0000000100000000)
  region size 1024K, 33 young (33792K), 3 survivors (3072K)
 Metaspace       used 9387K, committed 9600K, reserved 1114112K
  class space    used 1129K, committed 1280K, reserved 1048576K
}
Event: 0.901 GC heap after
{Heap after GC invocations=2 (full 0):
 garbage-first heap   total 126976K, used 5406K [0x0000000084a00000, 0x0000000100000000)
  region size 1024K, 2 young (2048K), 2 survivors (2048K)
 Metaspace       used 9387K, committed 9600K, reserved 1114112K
  class space    used 1129K, committed 1280K, reserved 1048576K
}
Event: 2.183 GC heap before
{Heap before GC invocations=2 (full 0):
 garbage-first heap   total 126976K, used 79134K [0x0000000084a00000, 0x0000000100000000)
  region size 1024K, 74 young (75776K), 2 survivors (2048K)
 Metaspace       used 16019K, committed 16256K, reserved 1114112K
  class space    used 1904K, committed 2048K, reserved 1048576K
}
Event: 2.197 GC heap after
{Heap after GC invocations=3 (full 0):
 garbage-first heap   total 126976K, used 12516K [0x0000000084a00000, 0x0000000100000000)
  region size 1024K, 9 young (9216K), 9 survivors (9216K)
 Metaspace       used 16019K, committed 16256K, reserved 1114112K
  class space    used 1904K, committed 2048K, reserved 1048576K
}
Event: 3.153 GC heap before
{Heap before GC invocations=3 (full 0):
 garbage-first heap   total 126976K, used 79076K [0x0000000084a00000, 0x0000000100000000)
  region size 1024K, 74 young (75776K), 9 survivors (9216K)
 Metaspace       used 16719K, committed 16960K, reserved 1114112K
  class space    used 1923K, committed 2048K, reserved 1048576K
}
Event: 3.164 GC heap after
{Heap after GC invocations=4 (full 0):
 garbage-first heap   total 126976K, used 15092K [0x0000000084a00000, 0x0000000100000000)
  region size 1024K, 3 young (3072K), 3 survivors (3072K)
 Metaspace       used 16719K, committed 16960K, reserved 1114112K
  class space    used 1923K, committed 2048K, reserved 1048576K
}
Event: 4.264 GC heap before
{Heap before GC invocations=4 (full 0):
 garbage-first heap   total 126976K, used 65268K [0x0000000084a00000, 0x0000000100000000)
  region size 1024K, 51 young (52224K), 3 survivors (3072K)
 Metaspace       used 21203K, committed 21504K, reserved 1114112K
  class space    used 2473K, committed 2624K, reserved 1048576K
}
Event: 4.271 GC heap after
{Heap after GC invocations=5 (full 0):
 garbage-first heap   total 126976K, used 17140K [0x0000000084a00000, 0x0000000100000000)
  region size 1024K, 5 young (5120K), 5 survivors (5120K)
 Metaspace       used 21203K, committed 21504K, reserved 1114112K
  class space    used 2473K, committed 2624K, reserved 1048576K
}
Event: 4.826 GC heap before
{Heap before GC invocations=6 (full 0):
 garbage-first heap   total 61440K, used 50932K [0x0000000084a00000, 0x0000000100000000)
  region size 1024K, 36 young (36864K), 5 survivors (5120K)
 Metaspace       used 25718K, committed 25984K, reserved 1114112K
  class space    used 2954K, committed 3072K, reserved 1048576K
}
Event: 4.845 GC heap after
{Heap after GC invocations=7 (full 0):
 garbage-first heap   total 68608K, used 30042K [0x0000000084a00000, 0x0000000100000000)
  region size 1024K, 5 young (5120K), 5 survivors (5120K)
 Metaspace       used 25718K, committed 25984K, reserved 1114112K
  class space    used 2954K, committed 3072K, reserved 1048576K
}
Event: 5.097 GC heap before
{Heap before GC invocations=7 (full 0):
 garbage-first heap   total 68608K, used 50522K [0x0000000084a00000, 0x0000000100000000)
  region size 1024K, 26 young (26624K), 5 survivors (5120K)
 Metaspace       used 26167K, committed 26432K, reserved 1114112K
  class space    used 2993K, committed 3136K, reserved 1048576K
}
Event: 5.106 GC heap after
{Heap after GC invocations=8 (full 0):
 garbage-first heap   total 82944K, used 37620K [0x0000000084a00000, 0x0000000100000000)
  region size 1024K, 4 young (4096K), 4 survivors (4096K)
 Metaspace       used 26167K, committed 26432K, reserved 1114112K
  class space    used 2993K, committed 3136K, reserved 1048576K
}
Event: 5.260 GC heap before
{Heap before GC invocations=8 (full 0):
 garbage-first heap   total 82944K, used 60148K [0x0000000084a00000, 0x0000000100000000)
  region size 1024K, 25 young (25600K), 4 survivors (4096K)
 Metaspace       used 26196K, committed 26496K, reserved 1114112K
  class space    used 2993K, committed 3136K, reserved 1048576K
}
Event: 5.266 GC heap after
{Heap after GC invocations=9 (full 0):
 garbage-first heap   total 82944K, used 46836K [0x0000000084a00000, 0x0000000100000000)
  region size 1024K, 4 young (4096K), 4 survivors (4096K)
 Metaspace       used 26196K, committed 26496K, reserved 1114112K
  class space    used 2993K, committed 3136K, reserved 1048576K
}
Event: 5.464 GC heap before
{Heap before GC invocations=9 (full 0):
 garbage-first heap   total 82944K, used 62196K [0x0000000084a00000, 0x0000000100000000)
  region size 1024K, 19 young (19456K), 4 survivors (4096K)
 Metaspace       used 26532K, committed 26880K, reserved 1114112K
  class space    used 3031K, committed 3200K, reserved 1048576K
}
Event: 5.473 GC heap after
{Heap after GC invocations=10 (full 0):
 garbage-first heap   total 82944K, used 50932K [0x0000000084a00000, 0x0000000100000000)
  region size 1024K, 3 young (3072K), 3 survivors (3072K)
 Metaspace       used 26532K, committed 26880K, reserved 1114112K
  class space    used 3031K, committed 3200K, reserved 1048576K
}
Event: 5.582 GC heap before
{Heap before GC invocations=11 (full 0):
 garbage-first heap   total 87040K, used 64244K [0x0000000084a00000, 0x0000000100000000)
  region size 1024K, 16 young (16384K), 3 survivors (3072K)
 Metaspace       used 26751K, committed 27072K, reserved 1114112K
  class space    used 3045K, committed 3200K, reserved 1048576K
}
Event: 5.591 GC heap after
{Heap after GC invocations=12 (full 0):
 garbage-first heap   total 87040K, used 52422K [0x0000000084a00000, 0x0000000100000000)
  region size 1024K, 2 young (2048K), 2 survivors (2048K)
 Metaspace       used 26751K, committed 27072K, reserved 1114112K
  class space    used 3045K, committed 3200K, reserved 1048576K
}
Event: 5.718 GC heap before
{Heap before GC invocations=12 (full 0):
 garbage-first heap   total 87040K, used 66758K [0x0000000084a00000, 0x0000000100000000)
  region size 1024K, 16 young (16384K), 2 survivors (2048K)
 Metaspace       used 27002K, committed 27328K, reserved 1114112K
  class space    used 3056K, committed 3200K, reserved 1048576K
}
Event: 5.727 GC heap after
{Heap after GC invocations=13 (full 0):
 garbage-first heap   total 128000K, used 55544K [0x0000000084a00000, 0x0000000100000000)
  region size 1024K, 2 young (2048K), 2 survivors (2048K)
 Metaspace       used 27002K, committed 27328K, reserved 1114112K
  class space    used 3056K, committed 3200K, reserved 1048576K
}

